Arguments: 
  D:\Program Files\nodejs\node.exe C:\Users\Changweihua\AppData\Roaming\npm\node_modules\yarn\bin\yarn.js

PATH: 
  C:\Users\Changweihua\AppData\Local\npm-cache\_npx\8be11adb9057e090\node_modules\.bin;E:\GitHub\un-fix.github.io\node_modules\.bin;E:\GitHub\node_modules\.bin;E:\node_modules\.bin;D:\Program Files\nodejs\node_modules\npm\node_modules\@npmcli\run-script\lib\node-gyp-bin;C:\Program Files\Common Files\Oracle\Java\javapath;C:\Python310\Scripts\;C:\Python310\;C:\Program Files (x86)\Common Files\Oracle\Java\javapath;D:\Python27\;C:\Program Files\VanDyke Software\Clients\;C:\WINDOWS\system32;C:\WINDOWS;C:\WINDOWS\System32\Wbem;C:\WINDOWS\System32\WindowsPowerShell\v1.0\;C:\WINDOWS\System32\OpenSSH\;C:\Program Files\Microsoft SQL Server\130\Tools\Binn\;D:\Program Files\Git\cmd;D:\Program Files (x86)\WinSCP\;D:\flutter\bin;C:\Users\Changweihua\AppData\Roaming\npm;D:\Program Files\nodejs;C:\Program Files\Microsoft SQL Server\150\Tools\Binn\;C:\ProgramData\chocolatey\bin;C:\Program Files\Microsoft SQL Server\Client SDK\ODBC\170\Tools\Binn\;D:\Program Files\Java\jdk1.8.0_291\bin;D:\Program Files\Java\jdk1.8.0_291\jre\bin;D:\Program Files\apache-maven-3.8.6\bin;D:\Program Files (x86)\Tencent\微信web开发者工具\dll;C:\WINDOWS\system32;C:\WINDOWS;C:\WINDOWS\System32\Wbem;C:\WINDOWS\System32\WindowsPowerShell\v1.0\;C:\WINDOWS\System32\OpenSSH\;D:\Program Files (x86)\Tencent\微信web开发者工具\dll;D:\Program Files(x86)\Tencent\微信web开发者工具\dll;D:\flutter\.pub-cache\bin;D:\Program Files\nodejs\;D:\Program Files\Memurai\;D:\Tools\hugo;C:\Program Files\dotnet\;C:\Program Files\Bandizip\;C:\Program Files\MySQL\MySQL Shell 8.0\bin\;C:\Users\Changweihua\AppData\Local\Microsoft\WindowsApps;D:\Program Files\Microsoft VS Code\bin;C:\Users\Changweihua\.dotnet\tools;C:\Users\Changweihua\AppData\Local\Microsoft\WindowsApps;C:\Users\Changweihua\AppData\Roaming\Pub\Cache\bin;%DevEco Studio%;C:\Users\Changweihua\AppData\Local\GitHubDesktop\bin;C:\Users\Changweihua\.dotnet\tools

Yarn version: 
  1.22.19

Node version: 
  18.16.0

Platform: 
  win32 x64

Trace: 
  Error: connect EHOSTUNREACH 104.16.27.34:443
      at TCPConnectWrap.afterConnect [as oncomplete] (node:net:1494:16)

npm manifest: 
  {
    "name": "un-fix-github.io",
    "version": "0.0.1",
    "description": "A static site based on dumi",
    "scripts": {
      "start": "npm run dev",
      "dev": "dumi dev",
      "build": "dumi build",
      "prepare": "husky install && dumi setup"
    },
    "authors": [
      "changweihua@outlook.com"
    ],
    "license": "MIT",
    "commitlint": {
      "extends": [
        "@commitlint/config-conventional"
      ]
    },
    "lint-staged": {
      "*.{md,json}": [
        "prettier --write --no-error-on-unmatched-pattern"
      ]
    },
    "devDependencies": {
      "@commitlint/cli": "^17.1.2",
      "@commitlint/config-conventional": "^17.1.0",
      "dumi": "^2.2.0",
      "husky": "^8.0.1",
      "lint-staged": "^13.0.3",
      "prettier": "^2.7.1"
    }
  }

yarn manifest: 
  No manifest

Lockfile: 
  No lockfile
